<?xml version="1.0" encoding="UTF-8"?>
<testng-results skipped="0" failed="0" total="2" passed="2">
  <reporter-output>
  </reporter-output>
  <suite name="Suite" duration-ms="236516" started-at="2019-02-23T17:40:30Z" finished-at="2019-02-23T17:44:27Z">
    <groups>
      <group name="cucumber">
        <method signature="AbstractTestNGCucumberTests.feature(cucumber.api.testng.CucumberFeatureWrapper)[pri:0, instance:com.runner.RunCuke@1794d431]" name="feature" class="cucumber.api.testng.AbstractTestNGCucumberTests"/>
      </group> <!-- cucumber -->
    </groups>
    <test name="Test" duration-ms="236516" started-at="2019-02-23T17:40:30Z" finished-at="2019-02-23T17:44:27Z">
      <class name="com.runner.RunCuke">
        <test-method status="PASS" signature="setUpClass()[pri:0, instance:com.runner.RunCuke@1794d431]" name="setUpClass" is-config="true" duration-ms="385" started-at="2019-02-23T23:10:30Z" finished-at="2019-02-23T23:10:30Z">
          <reporter-output>
          </reporter-output>
        </test-method> <!-- setUpClass -->
        <test-method status="PASS" signature="setup()[pri:0, instance:com.runner.RunCuke@1794d431]" name="setup" is-config="true" duration-ms="184" started-at="2019-02-23T23:10:30Z" finished-at="2019-02-23T23:10:31Z">
          <reporter-output>
          </reporter-output>
        </test-method> <!-- setup -->
        <test-method status="PASS" signature="feature(cucumber.api.testng.CucumberFeatureWrapper)[pri:0, instance:com.runner.RunCuke@1794d431]" name="feature" duration-ms="59403" started-at="2019-02-23T23:10:31Z" description="Runs Cucumber Feature" data-provider="features" finished-at="2019-02-23T23:11:30Z">
          <params>
            <param index="0">
              <value>
                <![CDATA[Condcting the Acceptance Testing on Automation Practice Website]]>
              </value>
            </param>
          </params>
          <reporter-output>
          </reporter-output>
        </test-method> <!-- feature -->
        <test-method status="PASS" signature="feature(cucumber.api.testng.CucumberFeatureWrapper)[pri:0, instance:com.runner.RunCuke@1794d431]" name="feature" duration-ms="176200" started-at="2019-02-23T23:11:30Z" description="Runs Cucumber Feature" data-provider="features" finished-at="2019-02-23T23:14:26Z">
          <params>
            <param index="0">
              <value>
                <![CDATA[Conducting Data Driven Testing on Automation Practice website]]>
              </value>
            </param>
          </params>
          <reporter-output>
          </reporter-output>
        </test-method> <!-- feature -->
        <test-method status="PASS" signature="tearDownClass()[pri:0, instance:com.runner.RunCuke@1794d431]" name="tearDownClass" is-config="true" duration-ms="203" started-at="2019-02-23T23:14:26Z" finished-at="2019-02-23T23:14:27Z">
          <reporter-output>
          </reporter-output>
        </test-method> <!-- tearDownClass -->
      </class> <!-- com.runner.RunCuke -->
    </test> <!-- Test -->
  </suite> <!-- Suite -->
</testng-results>
